<?xml version="1.0" encoding="UTF-8"?>
<testsuite xmlns:xsi="http://www.w3.org/2001/XMLSchema-instance" xsi:noNamespaceSchemaLocation="https://maven.apache.org/surefire/maven-surefire-plugin/xsd/surefire-test-report-3.0.xsd" version="3.0" name="edu.uob.ExampleDBTests" time="0.029" tests="4" errors="0" skipped="0" failures="0">
  <properties>
[...]
</properties>
  <testcase name="testQueryID" classname="edu.uob.ExampleDBTests" time="0.017">
    <system-out><![CDATA[<DEBUG> SELECT id FROM marks WHERE name  ==  'Simon';
<DEBUG> [SELECT, id, FROM, marks, WHERE, name, ==, 'Simon']
<DEBUG> Where is in :4
<DEBUG> WHERE Condition: [WHERE, name, ==, 'Simon']
<DEBUG> Attribute Name: name
<DEBUG> Comparison Operator: ==
<DEBUG> Value Name: 'Simon'
]]></system-out>
  </testcase>
  <testcase name="testBasicCreateAndQuery" classname="edu.uob.ExampleDBTests" time="0.004">
    <system-out><![CDATA[<DEBUG> SELECT * FROM marks;
<DEBUG> [SELECT, *, FROM, marks]
]]></system-out>
  </testcase>
  <testcase name="testTablePersistsAfterRestart" classname="edu.uob.ExampleDBTests" time="0.002">
    <system-out><![CDATA[<DEBUG> SELECT * FROM marks;
<DEBUG> [SELECT, *, FROM, marks]
]]></system-out>
  </testcase>
  <testcase name="testForErrorTag" classname="edu.uob.ExampleDBTests" time="0.002">
    <system-out><![CDATA[<DEBUG> SELECT * FROM libraryfines;
<DEBUG> [SELECT, *, FROM, libraryfines]
]]></system-out>
  </testcase>
</testsuite>