<?xml version="1.0" encoding="UTF-8"?>
<testsuite xmlns:xsi="http://www.w3.org/2001/XMLSchema-instance" xsi:noNamespaceSchemaLocation="https://maven.apache.org/surefire/maven-surefire-plugin/xsd/surefire-test-report-3.0.xsd" version="3.0" name="edu.uob.CustomDBTests" time="0.045" tests="7" errors="0" skipped="0" failures="0">
  <properties>
[...]
</properties>
  <testcase name="testInvalidCommands" classname="edu.uob.CustomDBTests" time="0.016">
    <system-out><![CDATA[<DEBUG> SELECT height FROM marks WHERE name  ==  'Chris';
<DEBUG> [SELECT, height, FROM, marks, WHERE, name, ==, 'Chris']
<DEBUG> Where is in :4
<DEBUG> WHERE Condition: [WHERE, name, ==, 'Chris']
<DEBUG> Attribute Name: name
<DEBUG> Comparison Operator: ==
<DEBUG> Value Name: 'Chris'
<DEBUG> SELECT * FROM library;
<DEBUG> [SELECT, *, FROM, library]
]]></system-out>
  </testcase>
  <testcase name="testDropTableAndDatabase" classname="edu.uob.CustomDBTests" time="0.006">
    <system-out><![CDATA[[DEBUG] 1 command : INSERT INTO marks VALUES ('Simon', 65, TRUE);
[DEBUG] 2 command : INSERT INTO marks VALUES  ( 'Simon' ,  65 ,  TRUE);
<DEBUG> SELECT * FROM marks;
<DEBUG> [SELECT, *, FROM, marks]
]]></system-out>
  </testcase>
  <testcase name="testCreateAndInsert" classname="edu.uob.CustomDBTests" time="0.003">
    <system-out><![CDATA[[DEBUG] 1 command : INSERT INTO marks VALUES ('Simon', 65, TRUE);
[DEBUG] 2 command : INSERT INTO marks VALUES  ( 'Simon' ,  65 ,  TRUE);
[DEBUG] 1 command : INSERT INTO marks VALUES ('Sion', 55, TRUE);
[DEBUG] 2 command : INSERT INTO marks VALUES  ( 'Sion' ,  55 ,  TRUE);
[DEBUG] 1 command : INSERT INTO marks VALUES ('Rob', 35, FALSE);
[DEBUG] 2 command : INSERT INTO marks VALUES  ( 'Rob' ,  35 ,  FALSE);
[DEBUG] 1 command : INSERT INTO marks VALUES ('Chris', 20, FALSE);
[DEBUG] 2 command : INSERT INTO marks VALUES  ( 'Chris' ,  20 ,  FALSE);
<DEBUG> SELECT * FROM marks;
<DEBUG> [SELECT, *, FROM, marks]
]]></system-out>
  </testcase>
  <testcase name="testAlterTable" classname="edu.uob.CustomDBTests" time="0.002">
    <system-out><![CDATA[[DEBUG] 1 command : INSERT INTO marks VALUES ('Simon', 65, TRUE);
[DEBUG] 2 command : INSERT INTO marks VALUES  ( 'Simon' ,  65 ,  TRUE);
<DEBUG> SELECT * FROM marks;
<DEBUG> [SELECT, *, FROM, marks]
<DEBUG> SELECT * FROM marks;
<DEBUG> [SELECT, *, FROM, marks]
]]></system-out>
  </testcase>
  <testcase name="testJoin" classname="edu.uob.CustomDBTests" time="0.004">
    <system-out><![CDATA[[DEBUG] 1 command : INSERT INTO coursework VALUES ('OXO', 3);
[DEBUG] 2 command : INSERT INTO coursework VALUES  ( 'OXO' ,  3);
[DEBUG] 1 command : INSERT INTO coursework VALUES ('DB', 1);
[DEBUG] 2 command : INSERT INTO coursework VALUES  ( 'DB' ,  1);
[DEBUG] 1 command : INSERT INTO coursework VALUES ('OXO', 4);
[DEBUG] 2 command : INSERT INTO coursework VALUES  ( 'OXO' ,  4);
[DEBUG] 1 command : INSERT INTO coursework VALUES ('STAG', 2);
[DEBUG] 2 command : INSERT INTO coursework VALUES  ( 'STAG' ,  2);
[DEBUG] 1 command : INSERT INTO marks VALUES ('Simon', 65, TRUE);
[DEBUG] 2 command : INSERT INTO marks VALUES  ( 'Simon' ,  65 ,  TRUE);
[DEBUG] 1 command : INSERT INTO marks VALUES ('Sion', 55, TRUE);
[DEBUG] 2 command : INSERT INTO marks VALUES  ( 'Sion' ,  55 ,  TRUE);
[DEBUG] 1 command : INSERT INTO marks VALUES ('Rob', 35, FALSE);
[DEBUG] 2 command : INSERT INTO marks VALUES  ( 'Rob' ,  35 ,  FALSE);
[DEBUG] 1 command : INSERT INTO marks VALUES ('Chris', 20, FALSE);
[DEBUG] 2 command : INSERT INTO marks VALUES  ( 'Chris' ,  20 ,  FALSE);
]]></system-out>
  </testcase>
  <testcase name="testUpdateAndDelete" classname="edu.uob.CustomDBTests" time="0.004">
    <system-out><![CDATA[[DEBUG] 1 command : INSERT INTO marks VALUES ('Simon', 65, TRUE);
[DEBUG] 2 command : INSERT INTO marks VALUES  ( 'Simon' ,  65 ,  TRUE);
[DEBUG] 1 command : INSERT INTO marks VALUES ('Sion', 55, TRUE);
[DEBUG] 2 command : INSERT INTO marks VALUES  ( 'Sion' ,  55 ,  TRUE);
[DEBUG] 1 command : INSERT INTO marks VALUES ('Rob', 35, FALSE);
[DEBUG] 2 command : INSERT INTO marks VALUES  ( 'Rob' ,  35 ,  FALSE);
[DEBUG] 1 command : INSERT INTO marks VALUES ('Chris', 20, FALSE);
[DEBUG] 2 command : INSERT INTO marks VALUES  ( 'Chris' ,  20 ,  FALSE);
<DEBUG> Set is in :2
<DEBUG> Where is in :6
<DEBUG> Parsed column name :[mark]
<DEBUG> Parsed value :[38]
<DEBUG> Where name: name
<DEBUG> Where operator: ==
<DEBUG> Where value: 'Chris'
<DEBUG> Parsed column indexes :[2]
<DEBUG> WHERE ColumnIndex :1
<DEBUG> Unchanged row :1	Simon	65	TRUE
<DEBUG> Unchanged row :2	Sion	55	TRUE
<DEBUG> Unchanged row :3	Rob	35	FALSE
<DEBUG> Parsed row :4	Chris	38	FALSE
<DEBUG> SELECT * FROM marks WHERE name  ==  'Chris';
<DEBUG> [SELECT, *, FROM, marks, WHERE, name, ==, 'Chris']
<DEBUG> Where is in :4
<DEBUG> WHERE Condition: [WHERE, name, ==, 'Chris']
<DEBUG> Attribute Name: name
<DEBUG> Comparison Operator: ==
<DEBUG> Value Name: 'Chris'
<DEBUG> DELETE FROM marks WHERE name  ==  'Sion';
<DEBUG> [DELETE, FROM, marks, WHERE, name, ==, 'Sion']
<INDEX> Comparison Operator: ==
<INDEX> Value: 'Sion'
<DEBUG> Read Line:  1	Simon	65	TRUE
<DEBUG> Compare Column: Simon
<DEBUG> Read Line:  2	Sion	55	TRUE
<DEBUG> Compare Column: Sion
<DEBUG> Delete Column: 2	Sion	55	TRUE
<DEBUG> Read Line:  3	Rob	35	FALSE
<DEBUG> Compare Column: Rob
<DEBUG> Read Line:  4	Chris	38	FALSE
<DEBUG> Compare Column: Chris
<DEBUG> SELECT * FROM marks;
<DEBUG> [SELECT, *, FROM, marks]
]]></system-out>
  </testcase>
  <testcase name="testWhereClause" classname="edu.uob.CustomDBTests" time="0.004">
    <system-out><![CDATA[[DEBUG] 1 command : INSERT INTO marks VALUES ('Simon', 65, TRUE);
[DEBUG] 2 command : INSERT INTO marks VALUES  ( 'Simon' ,  65 ,  TRUE);
[DEBUG] 1 command : INSERT INTO marks VALUES ('Sion', 55, TRUE);
[DEBUG] 2 command : INSERT INTO marks VALUES  ( 'Sion' ,  55 ,  TRUE);
[DEBUG] 1 command : INSERT INTO marks VALUES ('Rob', 35, FALSE);
[DEBUG] 2 command : INSERT INTO marks VALUES  ( 'Rob' ,  35 ,  FALSE);
[DEBUG] 1 command : INSERT INTO marks VALUES ('Chris', 20, FALSE);
[DEBUG] 2 command : INSERT INTO marks VALUES  ( 'Chris' ,  20 ,  FALSE);
<DEBUG> SELECT * FROM marks WHERE pass  ==  FALSE;
<DEBUG> [SELECT, *, FROM, marks, WHERE, pass, ==, FALSE]
<DEBUG> Where is in :4
<DEBUG> WHERE Condition: [WHERE, pass, ==, FALSE]
<DEBUG> Attribute Name: pass
<DEBUG> Comparison Operator: ==
<DEBUG> Value Name: FALSE
]]></system-out>
  </testcase>
</testsuite>